20-10-26  INFO 5588 --- [restartedMain] wageTrak.WageTrakApplication             : Starting WageTrakApplication on LAPTOP-EANVMH93 with PID 5588 (C:\Users\caitwarnberg\eclipse-workspace\WageTrak\target\classes started by caitwarnberg in C:\Users\caitwarnberg\eclipse-workspace\WageTrak)
20-10-26 DEBUG 5588 --- [restartedMain] wageTrak.WageTrakApplication             : Running with Spring Boot v2.3.1.RELEASE, Spring v5.2.7.RELEASE
20-10-26  INFO 5588 --- [restartedMain] wageTrak.WageTrakApplication             : No active profile set, falling back to default profiles: default
20-10-26  INFO 5588 --- [restartedMain] .s.d.r.c.RepositoryConfigurationDelegate : Bootstrapping Spring Data MongoDB repositories in DEFAULT mode.
20-10-26  INFO 5588 --- [restartedMain] .s.d.r.c.RepositoryConfigurationDelegate : Finished Spring Data repository scanning in 19ms. Found 2 MongoDB repository interfaces.
20-10-26  INFO 5588 --- [restartedMain] o.s.b.w.embedded.tomcat.TomcatWebServer  : Tomcat initialized with port(s): 8080 (http)
20-10-26  INFO 5588 --- [restartedMain] w.s.c.ServletWebServerApplicationContext : Root WebApplicationContext: initialization completed in 676 ms
20-10-26  INFO 5588 --- [restartedMain] o.s.b.d.a.OptionalLiveReloadServer       : LiveReload server is running on port 35729
20-10-26  INFO 5588 --- [restartedMain] o.s.s.concurrent.ThreadPoolTaskExecutor  : Initializing ExecutorService 'applicationTaskExecutor'
20-10-26  INFO 5588 --- [restartedMain] o.s.b.w.embedded.tomcat.TomcatWebServer  : Tomcat started on port(s): 8080 (http) with context path ''
20-10-26  INFO 5588 --- [restartedMain] wageTrak.WageTrakApplication             : Started WageTrakApplication in 1.365 seconds (JVM running for 232.775)
20-10-26  INFO 5588 --- [restartedMain] .ConditionEvaluationDeltaLoggingListener : Condition evaluation unchanged
20-10-26  INFO 5588 --- [Thread-359] o.s.s.concurrent.ThreadPoolTaskExecutor  : Shutting down ExecutorService 'applicationTaskExecutor'
20-10-26  INFO 5588 --- [restartedMain] wageTrak.WageTrakApplication             : Starting WageTrakApplication on LAPTOP-EANVMH93 with PID 5588 (C:\Users\caitwarnberg\eclipse-workspace\WageTrak\target\classes started by caitwarnberg in C:\Users\caitwarnberg\eclipse-workspace\WageTrak)
20-10-26 DEBUG 5588 --- [restartedMain] wageTrak.WageTrakApplication             : Running with Spring Boot v2.3.1.RELEASE, Spring v5.2.7.RELEASE
20-10-26  INFO 5588 --- [restartedMain] wageTrak.WageTrakApplication             : No active profile set, falling back to default profiles: default
20-10-26  INFO 5588 --- [restartedMain] .s.d.r.c.RepositoryConfigurationDelegate : Bootstrapping Spring Data MongoDB repositories in DEFAULT mode.
20-10-26  INFO 5588 --- [restartedMain] .s.d.r.c.RepositoryConfigurationDelegate : Finished Spring Data repository scanning in 22ms. Found 2 MongoDB repository interfaces.
20-10-26  INFO 5588 --- [restartedMain] o.s.b.w.embedded.tomcat.TomcatWebServer  : Tomcat initialized with port(s): 8080 (http)
20-10-26  INFO 5588 --- [restartedMain] w.s.c.ServletWebServerApplicationContext : Root WebApplicationContext: initialization completed in 830 ms
20-10-26  INFO 5588 --- [restartedMain] o.s.b.d.a.OptionalLiveReloadServer       : LiveReload server is running on port 35729
20-10-26  INFO 5588 --- [restartedMain] o.s.s.concurrent.ThreadPoolTaskExecutor  : Initializing ExecutorService 'applicationTaskExecutor'
20-10-26  INFO 5588 --- [restartedMain] o.s.b.w.embedded.tomcat.TomcatWebServer  : Tomcat started on port(s): 8080 (http) with context path ''
20-10-26  INFO 5588 --- [restartedMain] wageTrak.WageTrakApplication             : Started WageTrakApplication in 1.388 seconds (JVM running for 247.366)
20-10-26  INFO 5588 --- [restartedMain] .ConditionEvaluationDeltaLoggingListener : Condition evaluation unchanged
20-10-26  INFO 5588 --- [http-nio-8080-exec-1] o.s.web.servlet.DispatcherServlet        : Initializing Servlet 'dispatcherServlet'
20-10-26  INFO 5588 --- [http-nio-8080-exec-1] o.s.web.servlet.DispatcherServlet        : Completed initialization in 4 ms
20-10-26 DEBUG 5588 --- [http-nio-8080-exec-1] wageTrak.WageTrakApplication             : 
Before --wageTrak.controllers.UserController.getUsers with args []--

20-10-26 DEBUG 5588 --- [http-nio-8080-exec-1] wageTrak.WageTrakApplication             : 
Before --wageTrak.services.UserService.findAll with args []--

20-10-26 DEBUG 5588 --- [http-nio-8080-exec-1] wageTrak.WageTrakApplication             : 
After --wageTrak.services.UserService.findAll
20-10-26 DEBUG 5588 --- [http-nio-8080-exec-1] wageTrak.WageTrakApplication             : 
After --wageTrak.controllers.UserController.getUsers
20-11-26  INFO 5588 --- [Thread-534] o.s.s.concurrent.ThreadPoolTaskExecutor  : Shutting down ExecutorService 'applicationTaskExecutor'
20-11-26  INFO 5588 --- [restartedMain] wageTrak.WageTrakApplication             : Starting WageTrakApplication on LAPTOP-EANVMH93 with PID 5588 (C:\Users\caitwarnberg\eclipse-workspace\WageTrak\target\classes started by caitwarnberg in C:\Users\caitwarnberg\eclipse-workspace\WageTrak)
20-11-26 DEBUG 5588 --- [restartedMain] wageTrak.WageTrakApplication             : Running with Spring Boot v2.3.1.RELEASE, Spring v5.2.7.RELEASE
20-11-26  INFO 5588 --- [restartedMain] wageTrak.WageTrakApplication             : No active profile set, falling back to default profiles: default
20-11-26  INFO 5588 --- [restartedMain] .s.d.r.c.RepositoryConfigurationDelegate : Bootstrapping Spring Data MongoDB repositories in DEFAULT mode.
20-11-26  INFO 5588 --- [restartedMain] .s.d.r.c.RepositoryConfigurationDelegate : Finished Spring Data repository scanning in 15ms. Found 2 MongoDB repository interfaces.
20-11-26  INFO 5588 --- [restartedMain] o.s.b.w.embedded.tomcat.TomcatWebServer  : Tomcat initialized with port(s): 8080 (http)
20-11-26  INFO 5588 --- [restartedMain] w.s.c.ServletWebServerApplicationContext : Root WebApplicationContext: initialization completed in 433 ms
20-11-26  INFO 5588 --- [restartedMain] o.s.b.d.a.OptionalLiveReloadServer       : LiveReload server is running on port 35729
20-11-26  INFO 5588 --- [restartedMain] o.s.s.concurrent.ThreadPoolTaskExecutor  : Initializing ExecutorService 'applicationTaskExecutor'
20-11-26  INFO 5588 --- [restartedMain] o.s.b.w.embedded.tomcat.TomcatWebServer  : Tomcat started on port(s): 8080 (http) with context path ''
20-11-26  INFO 5588 --- [restartedMain] wageTrak.WageTrakApplication             : Started WageTrakApplication in 0.72 seconds (JVM running for 275.346)
20-11-26  INFO 5588 --- [restartedMain] .ConditionEvaluationDeltaLoggingListener : Condition evaluation unchanged
20-15-26  INFO 5588 --- [Thread-709] o.s.s.concurrent.ThreadPoolTaskExecutor  : Shutting down ExecutorService 'applicationTaskExecutor'
